{
    "meta": {
        "format": 3,
        "version": "7.6.1",
        "timestamp": "2024-09-26T18:30:44.450952",
        "branch_coverage": false,
        "show_contexts": false
    },
    "files": {
        "__init__.py": {
            "executed_lines": [
                0
            ],
            "summary": {
                "covered_lines": 0,
                "num_statements": 0,
                "percent_covered": 100.0,
                "percent_covered_display": "100",
                "missing_lines": 0,
                "excluded_lines": 0
            },
            "missing_lines": [],
            "excluded_lines": [],
            "functions": {
                "": {
                    "executed_lines": [],
                    "summary": {
                        "covered_lines": 0,
                        "num_statements": 0,
                        "percent_covered": 100.0,
                        "percent_covered_display": "100",
                        "missing_lines": 0,
                        "excluded_lines": 0
                    },
                    "missing_lines": [],
                    "excluded_lines": []
                }
            },
            "classes": {
                "": {
                    "executed_lines": [],
                    "summary": {
                        "covered_lines": 0,
                        "num_statements": 0,
                        "percent_covered": 100.0,
                        "percent_covered_display": "100",
                        "missing_lines": 0,
                        "excluded_lines": 0
                    },
                    "missing_lines": [],
                    "excluded_lines": []
                }
            }
        },
        "api\\__init__.py": {
            "executed_lines": [
                0
            ],
            "summary": {
                "covered_lines": 0,
                "num_statements": 0,
                "percent_covered": 100.0,
                "percent_covered_display": "100",
                "missing_lines": 0,
                "excluded_lines": 0
            },
            "missing_lines": [],
            "excluded_lines": [],
            "functions": {
                "": {
                    "executed_lines": [],
                    "summary": {
                        "covered_lines": 0,
                        "num_statements": 0,
                        "percent_covered": 100.0,
                        "percent_covered_display": "100",
                        "missing_lines": 0,
                        "excluded_lines": 0
                    },
                    "missing_lines": [],
                    "excluded_lines": []
                }
            },
            "classes": {
                "": {
                    "executed_lines": [],
                    "summary": {
                        "covered_lines": 0,
                        "num_statements": 0,
                        "percent_covered": 100.0,
                        "percent_covered_display": "100",
                        "missing_lines": 0,
                        "excluded_lines": 0
                    },
                    "missing_lines": [],
                    "excluded_lines": []
                }
            }
        },
        "api\\router.py": {
            "executed_lines": [
                1,
                8,
                10,
                13,
                14,
                15,
                16,
                17
            ],
            "summary": {
                "covered_lines": 7,
                "num_statements": 7,
                "percent_covered": 100.0,
                "percent_covered_display": "100",
                "missing_lines": 0,
                "excluded_lines": 0
            },
            "missing_lines": [],
            "excluded_lines": [],
            "functions": {
                "": {
                    "executed_lines": [
                        1,
                        8,
                        10,
                        13,
                        14,
                        15,
                        16,
                        17
                    ],
                    "summary": {
                        "covered_lines": 7,
                        "num_statements": 7,
                        "percent_covered": 100.0,
                        "percent_covered_display": "100",
                        "missing_lines": 0,
                        "excluded_lines": 0
                    },
                    "missing_lines": [],
                    "excluded_lines": []
                }
            },
            "classes": {
                "": {
                    "executed_lines": [
                        1,
                        8,
                        10,
                        13,
                        14,
                        15,
                        16,
                        17
                    ],
                    "summary": {
                        "covered_lines": 7,
                        "num_statements": 7,
                        "percent_covered": 100.0,
                        "percent_covered_display": "100",
                        "missing_lines": 0,
                        "excluded_lines": 0
                    },
                    "missing_lines": [],
                    "excluded_lines": []
                }
            }
        },
        "api\\routes\\__init__.py": {
            "executed_lines": [
                0
            ],
            "summary": {
                "covered_lines": 0,
                "num_statements": 0,
                "percent_covered": 100.0,
                "percent_covered_display": "100",
                "missing_lines": 0,
                "excluded_lines": 0
            },
            "missing_lines": [],
            "excluded_lines": [],
            "functions": {
                "": {
                    "executed_lines": [],
                    "summary": {
                        "covered_lines": 0,
                        "num_statements": 0,
                        "percent_covered": 100.0,
                        "percent_covered_display": "100",
                        "missing_lines": 0,
                        "excluded_lines": 0
                    },
                    "missing_lines": [],
                    "excluded_lines": []
                }
            },
            "classes": {
                "": {
                    "executed_lines": [],
                    "summary": {
                        "covered_lines": 0,
                        "num_statements": 0,
                        "percent_covered": 100.0,
                        "percent_covered_display": "100",
                        "missing_lines": 0,
                        "excluded_lines": 0
                    },
                    "missing_lines": [],
                    "excluded_lines": []
                }
            }
        },
        "api\\routes\\admin.py": {
            "executed_lines": [
                1,
                8,
                9,
                10,
                12,
                13,
                14,
                17,
                20,
                21,
                35,
                36,
                38,
                41,
                42,
                56,
                57,
                59
            ],
            "summary": {
                "covered_lines": 17,
                "num_statements": 17,
                "percent_covered": 100.0,
                "percent_covered_display": "100",
                "missing_lines": 0,
                "excluded_lines": 0
            },
            "missing_lines": [],
            "excluded_lines": [],
            "functions": {
                "read_transaction_db": {
                    "executed_lines": [
                        35,
                        36,
                        38
                    ],
                    "summary": {
                        "covered_lines": 3,
                        "num_statements": 3,
                        "percent_covered": 100.0,
                        "percent_covered_display": "100",
                        "missing_lines": 0,
                        "excluded_lines": 0
                    },
                    "missing_lines": [],
                    "excluded_lines": []
                },
                "read_user_db": {
                    "executed_lines": [
                        56,
                        57,
                        59
                    ],
                    "summary": {
                        "covered_lines": 3,
                        "num_statements": 3,
                        "percent_covered": 100.0,
                        "percent_covered_display": "100",
                        "missing_lines": 0,
                        "excluded_lines": 0
                    },
                    "missing_lines": [],
                    "excluded_lines": []
                },
                "": {
                    "executed_lines": [
                        1,
                        8,
                        9,
                        10,
                        12,
                        13,
                        14,
                        17,
                        20,
                        21,
                        41,
                        42
                    ],
                    "summary": {
                        "covered_lines": 11,
                        "num_statements": 11,
                        "percent_covered": 100.0,
                        "percent_covered_display": "100",
                        "missing_lines": 0,
                        "excluded_lines": 0
                    },
                    "missing_lines": [],
                    "excluded_lines": []
                }
            },
            "classes": {
                "": {
                    "executed_lines": [
                        1,
                        8,
                        9,
                        10,
                        12,
                        13,
                        14,
                        17,
                        20,
                        21,
                        35,
                        36,
                        38,
                        41,
                        42,
                        56,
                        57,
                        59
                    ],
                    "summary": {
                        "covered_lines": 17,
                        "num_statements": 17,
                        "percent_covered": 100.0,
                        "percent_covered_display": "100",
                        "missing_lines": 0,
                        "excluded_lines": 0
                    },
                    "missing_lines": [],
                    "excluded_lines": []
                }
            }
        },
        "api\\routes\\db.py": {
            "executed_lines": [
                1,
                8,
                10,
                11,
                12,
                13,
                14,
                16,
                17,
                18,
                21,
                24,
                25,
                43,
                44,
                56,
                57,
                73,
                74,
                77,
                78,
                79,
                82,
                83,
                86,
                88,
                91,
                92,
                107,
                108,
                112,
                113,
                114,
                117,
                119
            ],
            "summary": {
                "covered_lines": 34,
                "num_statements": 38,
                "percent_covered": 89.47368421052632,
                "percent_covered_display": "89",
                "missing_lines": 4,
                "excluded_lines": 0
            },
            "missing_lines": [
                46,
                47,
                48,
                84
            ],
            "excluded_lines": [],
            "functions": {
                "db_export": {
                    "executed_lines": [
                        43,
                        44
                    ],
                    "summary": {
                        "covered_lines": 2,
                        "num_statements": 5,
                        "percent_covered": 40.0,
                        "percent_covered_display": "40",
                        "missing_lines": 3,
                        "excluded_lines": 0
                    },
                    "missing_lines": [
                        46,
                        47,
                        48
                    ],
                    "excluded_lines": []
                },
                "db_recover": {
                    "executed_lines": [
                        73,
                        74,
                        77,
                        78,
                        79,
                        82,
                        83,
                        86,
                        88
                    ],
                    "summary": {
                        "covered_lines": 9,
                        "num_statements": 10,
                        "percent_covered": 90.0,
                        "percent_covered_display": "90",
                        "missing_lines": 1,
                        "excluded_lines": 0
                    },
                    "missing_lines": [
                        84
                    ],
                    "excluded_lines": []
                },
                "db_import": {
                    "executed_lines": [
                        107,
                        108,
                        112,
                        113,
                        114,
                        117,
                        119
                    ],
                    "summary": {
                        "covered_lines": 7,
                        "num_statements": 7,
                        "percent_covered": 100.0,
                        "percent_covered_display": "100",
                        "missing_lines": 0,
                        "excluded_lines": 0
                    },
                    "missing_lines": [],
                    "excluded_lines": []
                },
                "": {
                    "executed_lines": [
                        1,
                        8,
                        10,
                        11,
                        12,
                        13,
                        14,
                        16,
                        17,
                        18,
                        21,
                        24,
                        25,
                        56,
                        57,
                        91,
                        92
                    ],
                    "summary": {
                        "covered_lines": 16,
                        "num_statements": 16,
                        "percent_covered": 100.0,
                        "percent_covered_display": "100",
                        "missing_lines": 0,
                        "excluded_lines": 0
                    },
                    "missing_lines": [],
                    "excluded_lines": []
                }
            },
            "classes": {
                "": {
                    "executed_lines": [
                        1,
                        8,
                        10,
                        11,
                        12,
                        13,
                        14,
                        16,
                        17,
                        18,
                        21,
                        24,
                        25,
                        43,
                        44,
                        56,
                        57,
                        73,
                        74,
                        77,
                        78,
                        79,
                        82,
                        83,
                        86,
                        88,
                        91,
                        92,
                        107,
                        108,
                        112,
                        113,
                        114,
                        117,
                        119
                    ],
                    "summary": {
                        "covered_lines": 34,
                        "num_statements": 38,
                        "percent_covered": 89.47368421052632,
                        "percent_covered_display": "89",
                        "missing_lines": 4,
                        "excluded_lines": 0
                    },
                    "missing_lines": [
                        46,
                        47,
                        48,
                        84
                    ],
                    "excluded_lines": []
                }
            }
        },
        "api\\routes\\kofi.py": {
            "executed_lines": [
                1,
                9,
                10,
                11,
                12,
                13,
                14,
                15,
                17,
                18,
                19,
                20,
                23,
                26,
                27,
                46,
                47,
                48,
                49,
                52,
                53,
                54,
                55,
                58,
                59,
                60,
                61,
                62,
                67,
                70,
                73,
                76,
                77,
                91,
                94,
                95,
                96,
                99,
                103,
                114,
                118,
                119,
                120,
                123,
                124,
                146,
                147,
                148,
                149,
                152,
                157,
                158,
                161,
                162,
                163,
                164,
                168,
                169,
                170,
                171,
                172,
                173,
                202,
                203,
                205,
                206,
                208,
                209,
                210,
                214,
                215,
                216,
                219,
                220,
                221,
                222,
                224,
                226
            ],
            "summary": {
                "covered_lines": 77,
                "num_statements": 97,
                "percent_covered": 79.38144329896907,
                "percent_covered_display": "79",
                "missing_lines": 20,
                "excluded_lines": 0
            },
            "missing_lines": [
                63,
                64,
                65,
                71,
                153,
                159,
                178,
                179,
                183,
                190,
                191,
                194,
                195,
                196,
                197,
                198,
                199,
                200,
                211,
                212
            ],
            "excluded_lines": [],
            "functions": {
                "receive_kofi_transaction": {
                    "executed_lines": [
                        46,
                        47,
                        48,
                        49,
                        52,
                        53,
                        54,
                        55,
                        58,
                        59,
                        60,
                        61,
                        62,
                        67,
                        70,
                        73
                    ],
                    "summary": {
                        "covered_lines": 16,
                        "num_statements": 20,
                        "percent_covered": 80.0,
                        "percent_covered_display": "80",
                        "missing_lines": 4,
                        "excluded_lines": 0
                    },
                    "missing_lines": [
                        63,
                        64,
                        65,
                        71
                    ],
                    "excluded_lines": []
                },
                "get_transactions": {
                    "executed_lines": [
                        91,
                        94,
                        95,
                        96
                    ],
                    "summary": {
                        "covered_lines": 4,
                        "num_statements": 4,
                        "percent_covered": 100.0,
                        "percent_covered_display": "100",
                        "missing_lines": 0,
                        "excluded_lines": 0
                    },
                    "missing_lines": [],
                    "excluded_lines": []
                },
                "get_transaction": {
                    "executed_lines": [
                        114,
                        118,
                        119,
                        120
                    ],
                    "summary": {
                        "covered_lines": 4,
                        "num_statements": 4,
                        "percent_covered": 100.0,
                        "percent_covered_display": "100",
                        "missing_lines": 0,
                        "excluded_lines": 0
                    },
                    "missing_lines": [],
                    "excluded_lines": []
                },
                "get_transactions_total": {
                    "executed_lines": [
                        146,
                        147,
                        148,
                        149,
                        152,
                        157,
                        158,
                        161,
                        162,
                        163,
                        164,
                        168,
                        169,
                        170,
                        171,
                        172,
                        173,
                        202,
                        203,
                        205,
                        206,
                        208,
                        209,
                        210,
                        214,
                        215,
                        216,
                        219,
                        220,
                        221,
                        222,
                        224,
                        226
                    ],
                    "summary": {
                        "covered_lines": 33,
                        "num_statements": 49,
                        "percent_covered": 67.34693877551021,
                        "percent_covered_display": "67",
                        "missing_lines": 16,
                        "excluded_lines": 0
                    },
                    "missing_lines": [
                        153,
                        159,
                        178,
                        179,
                        183,
                        190,
                        191,
                        194,
                        195,
                        196,
                        197,
                        198,
                        199,
                        200,
                        211,
                        212
                    ],
                    "excluded_lines": []
                },
                "": {
                    "executed_lines": [
                        1,
                        9,
                        10,
                        11,
                        12,
                        13,
                        14,
                        15,
                        17,
                        18,
                        19,
                        20,
                        23,
                        26,
                        27,
                        76,
                        77,
                        99,
                        103,
                        123,
                        124
                    ],
                    "summary": {
                        "covered_lines": 20,
                        "num_statements": 20,
                        "percent_covered": 100.0,
                        "percent_covered_display": "100",
                        "missing_lines": 0,
                        "excluded_lines": 0
                    },
                    "missing_lines": [],
                    "excluded_lines": []
                }
            },
            "classes": {
                "": {
                    "executed_lines": [
                        1,
                        9,
                        10,
                        11,
                        12,
                        13,
                        14,
                        15,
                        17,
                        18,
                        19,
                        20,
                        23,
                        26,
                        27,
                        46,
                        47,
                        48,
                        49,
                        52,
                        53,
                        54,
                        55,
                        58,
                        59,
                        60,
                        61,
                        62,
                        67,
                        70,
                        73,
                        76,
                        77,
                        91,
                        94,
                        95,
                        96,
                        99,
                        103,
                        114,
                        118,
                        119,
                        120,
                        123,
                        124,
                        146,
                        147,
                        148,
                        149,
                        152,
                        157,
                        158,
                        161,
                        162,
                        163,
                        164,
                        168,
                        169,
                        170,
                        171,
                        172,
                        173,
                        202,
                        203,
                        205,
                        206,
                        208,
                        209,
                        210,
                        214,
                        215,
                        216,
                        219,
                        220,
                        221,
                        222,
                        224,
                        226
                    ],
                    "summary": {
                        "covered_lines": 77,
                        "num_statements": 97,
                        "percent_covered": 79.38144329896907,
                        "percent_covered_display": "79",
                        "missing_lines": 20,
                        "excluded_lines": 0
                    },
                    "missing_lines": [
                        63,
                        64,
                        65,
                        71,
                        153,
                        159,
                        178,
                        179,
                        183,
                        190,
                        191,
                        194,
                        195,
                        196,
                        197,
                        198,
                        199,
                        200,
                        211,
                        212
                    ],
                    "excluded_lines": []
                }
            }
        },
        "api\\routes\\user.py": {
            "executed_lines": [
                1,
                8,
                9,
                10,
                11,
                12,
                14,
                15,
                16,
                19,
                22,
                23,
                45,
                51,
                52,
                53,
                54,
                55,
                56,
                57,
                58,
                61,
                62,
                73,
                76,
                77,
                79,
                82,
                83,
                89,
                92,
                93,
                95,
                96,
                97,
                98,
                100,
                101,
                102,
                106,
                109,
                110,
                130,
                133,
                134,
                136,
                137,
                138,
                139,
                142,
                144,
                145
            ],
            "summary": {
                "covered_lines": 51,
                "num_statements": 56,
                "percent_covered": 91.07142857142857,
                "percent_covered_display": "91",
                "missing_lines": 5,
                "excluded_lines": 0
            },
            "missing_lines": [
                99,
                103,
                104,
                105,
                143
            ],
            "excluded_lines": [],
            "functions": {
                "create_user": {
                    "executed_lines": [
                        45,
                        51,
                        52,
                        53,
                        54,
                        55,
                        56,
                        57,
                        58
                    ],
                    "summary": {
                        "covered_lines": 9,
                        "num_statements": 9,
                        "percent_covered": 100.0,
                        "percent_covered_display": "100",
                        "missing_lines": 0,
                        "excluded_lines": 0
                    },
                    "missing_lines": [],
                    "excluded_lines": []
                },
                "get_user": {
                    "executed_lines": [
                        73,
                        76,
                        77,
                        79
                    ],
                    "summary": {
                        "covered_lines": 4,
                        "num_statements": 4,
                        "percent_covered": 100.0,
                        "percent_covered_display": "100",
                        "missing_lines": 0,
                        "excluded_lines": 0
                    },
                    "missing_lines": [],
                    "excluded_lines": []
                },
                "update_user": {
                    "executed_lines": [
                        89,
                        92,
                        93,
                        95,
                        96,
                        97,
                        98,
                        100,
                        101,
                        102,
                        106
                    ],
                    "summary": {
                        "covered_lines": 11,
                        "num_statements": 15,
                        "percent_covered": 73.33333333333333,
                        "percent_covered_display": "73",
                        "missing_lines": 4,
                        "excluded_lines": 0
                    },
                    "missing_lines": [
                        99,
                        103,
                        104,
                        105
                    ],
                    "excluded_lines": []
                },
                "delete_user": {
                    "executed_lines": [
                        130,
                        133,
                        134,
                        136,
                        137,
                        138,
                        139,
                        142,
                        144,
                        145
                    ],
                    "summary": {
                        "covered_lines": 10,
                        "num_statements": 11,
                        "percent_covered": 90.9090909090909,
                        "percent_covered_display": "91",
                        "missing_lines": 1,
                        "excluded_lines": 0
                    },
                    "missing_lines": [
                        143
                    ],
                    "excluded_lines": []
                },
                "": {
                    "executed_lines": [
                        1,
                        8,
                        9,
                        10,
                        11,
                        12,
                        14,
                        15,
                        16,
                        19,
                        22,
                        23,
                        61,
                        62,
                        82,
                        83,
                        109,
                        110
                    ],
                    "summary": {
                        "covered_lines": 17,
                        "num_statements": 17,
                        "percent_covered": 100.0,
                        "percent_covered_display": "100",
                        "missing_lines": 0,
                        "excluded_lines": 0
                    },
                    "missing_lines": [],
                    "excluded_lines": []
                }
            },
            "classes": {
                "": {
                    "executed_lines": [
                        1,
                        8,
                        9,
                        10,
                        11,
                        12,
                        14,
                        15,
                        16,
                        19,
                        22,
                        23,
                        45,
                        51,
                        52,
                        53,
                        54,
                        55,
                        56,
                        57,
                        58,
                        61,
                        62,
                        73,
                        76,
                        77,
                        79,
                        82,
                        83,
                        89,
                        92,
                        93,
                        95,
                        96,
                        97,
                        98,
                        100,
                        101,
                        102,
                        106,
                        109,
                        110,
                        130,
                        133,
                        134,
                        136,
                        137,
                        138,
                        139,
                        142,
                        144,
                        145
                    ],
                    "summary": {
                        "covered_lines": 51,
                        "num_statements": 56,
                        "percent_covered": 91.07142857142857,
                        "percent_covered_display": "91",
                        "missing_lines": 5,
                        "excluded_lines": 0
                    },
                    "missing_lines": [
                        99,
                        103,
                        104,
                        105,
                        143
                    ],
                    "excluded_lines": []
                }
            }
        },
        "core\\__init__.py": {
            "executed_lines": [
                0
            ],
            "summary": {
                "covered_lines": 0,
                "num_statements": 0,
                "percent_covered": 100.0,
                "percent_covered_display": "100",
                "missing_lines": 0,
                "excluded_lines": 0
            },
            "missing_lines": [],
            "excluded_lines": [],
            "functions": {
                "": {
                    "executed_lines": [],
                    "summary": {
                        "covered_lines": 0,
                        "num_statements": 0,
                        "percent_covered": 100.0,
                        "percent_covered_display": "100",
                        "missing_lines": 0,
                        "excluded_lines": 0
                    },
                    "missing_lines": [],
                    "excluded_lines": []
                }
            },
            "classes": {
                "": {
                    "executed_lines": [],
                    "summary": {
                        "covered_lines": 0,
                        "num_statements": 0,
                        "percent_covered": 100.0,
                        "percent_covered_display": "100",
                        "missing_lines": 0,
                        "excluded_lines": 0
                    },
                    "missing_lines": [],
                    "excluded_lines": []
                }
            }
        },
        "core\\base.py": {
            "executed_lines": [
                1,
                8,
                11,
                12
            ],
            "summary": {
                "covered_lines": 2,
                "num_statements": 2,
                "percent_covered": 100.0,
                "percent_covered_display": "100",
                "missing_lines": 0,
                "excluded_lines": 0
            },
            "missing_lines": [],
            "excluded_lines": [],
            "functions": {
                "": {
                    "executed_lines": [
                        1,
                        8,
                        11,
                        12
                    ],
                    "summary": {
                        "covered_lines": 2,
                        "num_statements": 2,
                        "percent_covered": 100.0,
                        "percent_covered_display": "100",
                        "missing_lines": 0,
                        "excluded_lines": 0
                    },
                    "missing_lines": [],
                    "excluded_lines": []
                }
            },
            "classes": {
                "Base": {
                    "executed_lines": [],
                    "summary": {
                        "covered_lines": 0,
                        "num_statements": 0,
                        "percent_covered": 100.0,
                        "percent_covered_display": "100",
                        "missing_lines": 0,
                        "excluded_lines": 0
                    },
                    "missing_lines": [],
                    "excluded_lines": []
                },
                "": {
                    "executed_lines": [
                        1,
                        8,
                        11,
                        12
                    ],
                    "summary": {
                        "covered_lines": 2,
                        "num_statements": 2,
                        "percent_covered": 100.0,
                        "percent_covered_display": "100",
                        "missing_lines": 0,
                        "excluded_lines": 0
                    },
                    "missing_lines": [],
                    "excluded_lines": []
                }
            }
        },
        "core\\config.py": {
            "executed_lines": [
                1,
                8,
                9,
                10,
                11,
                12,
                15,
                16,
                46,
                47,
                48,
                49,
                50,
                52,
                64,
                65,
                69,
                70,
                74,
                75,
                83,
                85,
                88,
                90,
                91
            ],
            "summary": {
                "covered_lines": 23,
                "num_statements": 26,
                "percent_covered": 88.46153846153847,
                "percent_covered_display": "88",
                "missing_lines": 3,
                "excluded_lines": 0
            },
            "missing_lines": [
                72,
                92,
                97
            ],
            "excluded_lines": [],
            "functions": {
                "Settings._check_default_secret": {
                    "executed_lines": [
                        64,
                        65,
                        69,
                        70
                    ],
                    "summary": {
                        "covered_lines": 4,
                        "num_statements": 5,
                        "percent_covered": 80.0,
                        "percent_covered_display": "80",
                        "missing_lines": 1,
                        "excluded_lines": 0
                    },
                    "missing_lines": [
                        72
                    ],
                    "excluded_lines": []
                },
                "Settings._enforce_non_default_secrets": {
                    "executed_lines": [
                        83,
                        85
                    ],
                    "summary": {
                        "covered_lines": 2,
                        "num_statements": 2,
                        "percent_covered": 100.0,
                        "percent_covered_display": "100",
                        "missing_lines": 0,
                        "excluded_lines": 0
                    },
                    "missing_lines": [],
                    "excluded_lines": []
                },
                "": {
                    "executed_lines": [
                        1,
                        8,
                        9,
                        10,
                        11,
                        12,
                        15,
                        16,
                        46,
                        47,
                        48,
                        49,
                        50,
                        52,
                        74,
                        75,
                        88,
                        90,
                        91
                    ],
                    "summary": {
                        "covered_lines": 17,
                        "num_statements": 19,
                        "percent_covered": 89.47368421052632,
                        "percent_covered_display": "89",
                        "missing_lines": 2,
                        "excluded_lines": 0
                    },
                    "missing_lines": [
                        92,
                        97
                    ],
                    "excluded_lines": []
                }
            },
            "classes": {
                "Settings": {
                    "executed_lines": [
                        64,
                        65,
                        69,
                        70,
                        83,
                        85
                    ],
                    "summary": {
                        "covered_lines": 6,
                        "num_statements": 7,
                        "percent_covered": 85.71428571428571,
                        "percent_covered_display": "86",
                        "missing_lines": 1,
                        "excluded_lines": 0
                    },
                    "missing_lines": [
                        72
                    ],
                    "excluded_lines": []
                },
                "": {
                    "executed_lines": [
                        1,
                        8,
                        9,
                        10,
                        11,
                        12,
                        15,
                        16,
                        46,
                        47,
                        48,
                        49,
                        50,
                        52,
                        74,
                        75,
                        88,
                        90,
                        91
                    ],
                    "summary": {
                        "covered_lines": 17,
                        "num_statements": 19,
                        "percent_covered": 89.47368421052632,
                        "percent_covered_display": "89",
                        "missing_lines": 2,
                        "excluded_lines": 0
                    },
                    "missing_lines": [
                        92,
                        97
                    ],
                    "excluded_lines": []
                }
            }
        },
        "core\\db.py": {
            "executed_lines": [
                1,
                8,
                9,
                10,
                11,
                12,
                13,
                14,
                15,
                16,
                17,
                18,
                20,
                21,
                24,
                25,
                28,
                39,
                40,
                41,
                43,
                46,
                73,
                92,
                196
            ],
            "summary": {
                "covered_lines": 24,
                "num_statements": 98,
                "percent_covered": 24.489795918367346,
                "percent_covered_display": "24",
                "missing_lines": 74,
                "excluded_lines": 0
            },
            "missing_lines": [
                60,
                61,
                62,
                63,
                64,
                65,
                66,
                70,
                84,
                85,
                86,
                87,
                88,
                89,
                113,
                114,
                117,
                118,
                120,
                121,
                123,
                124,
                126,
                127,
                128,
                129,
                131,
                134,
                140,
                141,
                146,
                148,
                149,
                151,
                157,
                161,
                162,
                164,
                166,
                169,
                170,
                171,
                172,
                174,
                175,
                179,
                181,
                182,
                188,
                191,
                192,
                193,
                209,
                210,
                212,
                213,
                214,
                216,
                220,
                221,
                222,
                224,
                225,
                226,
                229,
                230,
                231,
                232,
                233,
                234,
                235,
                236,
                238,
                239
            ],
            "excluded_lines": [],
            "functions": {
                "get_db": {
                    "executed_lines": [
                        39,
                        40,
                        41,
                        43
                    ],
                    "summary": {
                        "covered_lines": 4,
                        "num_statements": 4,
                        "percent_covered": 100.0,
                        "percent_covered_display": "100",
                        "missing_lines": 0,
                        "excluded_lines": 0
                    },
                    "missing_lines": [],
                    "excluded_lines": []
                },
                "remove_expired_transactions": {
                    "executed_lines": [],
                    "summary": {
                        "covered_lines": 0,
                        "num_statements": 8,
                        "percent_covered": 0.0,
                        "percent_covered_display": "0",
                        "missing_lines": 8,
                        "excluded_lines": 0
                    },
                    "missing_lines": [
                        60,
                        61,
                        62,
                        63,
                        64,
                        65,
                        66,
                        70
                    ],
                    "excluded_lines": []
                },
                "run_migrations": {
                    "executed_lines": [],
                    "summary": {
                        "covered_lines": 0,
                        "num_statements": 6,
                        "percent_covered": 0.0,
                        "percent_covered_display": "0",
                        "missing_lines": 6,
                        "excluded_lines": 0
                    },
                    "missing_lines": [
                        84,
                        85,
                        86,
                        87,
                        88,
                        89
                    ],
                    "excluded_lines": []
                },
                "handle_database_import": {
                    "executed_lines": [],
                    "summary": {
                        "covered_lines": 0,
                        "num_statements": 38,
                        "percent_covered": 0.0,
                        "percent_covered_display": "0",
                        "missing_lines": 38,
                        "excluded_lines": 0
                    },
                    "missing_lines": [
                        113,
                        114,
                        117,
                        118,
                        120,
                        121,
                        123,
                        124,
                        126,
                        127,
                        128,
                        129,
                        131,
                        134,
                        140,
                        141,
                        146,
                        148,
                        149,
                        151,
                        157,
                        161,
                        162,
                        164,
                        166,
                        169,
                        170,
                        171,
                        172,
                        174,
                        175,
                        179,
                        181,
                        182,
                        188,
                        191,
                        192,
                        193
                    ],
                    "excluded_lines": []
                },
                "export_db": {
                    "executed_lines": [],
                    "summary": {
                        "covered_lines": 0,
                        "num_statements": 22,
                        "percent_covered": 0.0,
                        "percent_covered_display": "0",
                        "missing_lines": 22,
                        "excluded_lines": 0
                    },
                    "missing_lines": [
                        209,
                        210,
                        212,
                        213,
                        214,
                        216,
                        220,
                        221,
                        222,
                        224,
                        225,
                        226,
                        229,
                        230,
                        231,
                        232,
                        233,
                        234,
                        235,
                        236,
                        238,
                        239
                    ],
                    "excluded_lines": []
                },
                "": {
                    "executed_lines": [
                        1,
                        8,
                        9,
                        10,
                        11,
                        12,
                        13,
                        14,
                        15,
                        16,
                        17,
                        18,
                        20,
                        21,
                        24,
                        25,
                        28,
                        46,
                        73,
                        92,
                        196
                    ],
                    "summary": {
                        "covered_lines": 20,
                        "num_statements": 20,
                        "percent_covered": 100.0,
                        "percent_covered_display": "100",
                        "missing_lines": 0,
                        "excluded_lines": 0
                    },
                    "missing_lines": [],
                    "excluded_lines": []
                }
            },
            "classes": {
                "": {
                    "executed_lines": [
                        1,
                        8,
                        9,
                        10,
                        11,
                        12,
                        13,
                        14,
                        15,
                        16,
                        17,
                        18,
                        20,
                        21,
                        24,
                        25,
                        28,
                        39,
                        40,
                        41,
                        43,
                        46,
                        73,
                        92,
                        196
                    ],
                    "summary": {
                        "covered_lines": 24,
                        "num_statements": 98,
                        "percent_covered": 24.489795918367346,
                        "percent_covered_display": "24",
                        "missing_lines": 74,
                        "excluded_lines": 0
                    },
                    "missing_lines": [
                        60,
                        61,
                        62,
                        63,
                        64,
                        65,
                        66,
                        70,
                        84,
                        85,
                        86,
                        87,
                        88,
                        89,
                        113,
                        114,
                        117,
                        118,
                        120,
                        121,
                        123,
                        124,
                        126,
                        127,
                        128,
                        129,
                        131,
                        134,
                        140,
                        141,
                        146,
                        148,
                        149,
                        151,
                        157,
                        161,
                        162,
                        164,
                        166,
                        169,
                        170,
                        171,
                        172,
                        174,
                        175,
                        179,
                        181,
                        182,
                        188,
                        191,
                        192,
                        193,
                        209,
                        210,
                        212,
                        213,
                        214,
                        216,
                        220,
                        221,
                        222,
                        224,
                        225,
                        226,
                        229,
                        230,
                        231,
                        232,
                        233,
                        234,
                        235,
                        236,
                        238,
                        239
                    ],
                    "excluded_lines": []
                }
            }
        },
        "core\\models.py": {
            "executed_lines": [
                1,
                8,
                9,
                10,
                12,
                13,
                14,
                16,
                17,
                20,
                21,
                25,
                26,
                27,
                28,
                29,
                30,
                31,
                32,
                33,
                34,
                35,
                36,
                37,
                38,
                39,
                40,
                41,
                43,
                44,
                45,
                48,
                49,
                50,
                52,
                53,
                54,
                55,
                56,
                57,
                58,
                59,
                60,
                61,
                62,
                63,
                64,
                65,
                66,
                68,
                69,
                72,
                73,
                76,
                77,
                78,
                79,
                81,
                82,
                83,
                86,
                87,
                88,
                90,
                91,
                92,
                93
            ],
            "summary": {
                "covered_lines": 60,
                "num_statements": 60,
                "percent_covered": 100.0,
                "percent_covered_display": "100",
                "missing_lines": 0,
                "excluded_lines": 0
            },
            "missing_lines": [],
            "excluded_lines": [],
            "functions": {
                "": {
                    "executed_lines": [
                        1,
                        8,
                        9,
                        10,
                        12,
                        13,
                        14,
                        16,
                        17,
                        20,
                        21,
                        25,
                        26,
                        27,
                        28,
                        29,
                        30,
                        31,
                        32,
                        33,
                        34,
                        35,
                        36,
                        37,
                        38,
                        39,
                        40,
                        41,
                        43,
                        44,
                        45,
                        48,
                        49,
                        50,
                        52,
                        53,
                        54,
                        55,
                        56,
                        57,
                        58,
                        59,
                        60,
                        61,
                        62,
                        63,
                        64,
                        65,
                        66,
                        68,
                        69,
                        72,
                        73,
                        76,
                        77,
                        78,
                        79,
                        81,
                        82,
                        83,
                        86,
                        87,
                        88,
                        90,
                        91,
                        92,
                        93
                    ],
                    "summary": {
                        "covered_lines": 60,
                        "num_statements": 60,
                        "percent_covered": 100.0,
                        "percent_covered_display": "100",
                        "missing_lines": 0,
                        "excluded_lines": 0
                    },
                    "missing_lines": [],
                    "excluded_lines": []
                }
            },
            "classes": {
                "KofiTransactionSchema": {
                    "executed_lines": [],
                    "summary": {
                        "covered_lines": 0,
                        "num_statements": 0,
                        "percent_covered": 100.0,
                        "percent_covered_display": "100",
                        "missing_lines": 0,
                        "excluded_lines": 0
                    },
                    "missing_lines": [],
                    "excluded_lines": []
                },
                "KofiTransactionSchema.Config": {
                    "executed_lines": [],
                    "summary": {
                        "covered_lines": 0,
                        "num_statements": 0,
                        "percent_covered": 100.0,
                        "percent_covered_display": "100",
                        "missing_lines": 0,
                        "excluded_lines": 0
                    },
                    "missing_lines": [],
                    "excluded_lines": []
                },
                "KofiTransaction": {
                    "executed_lines": [],
                    "summary": {
                        "covered_lines": 0,
                        "num_statements": 0,
                        "percent_covered": 100.0,
                        "percent_covered_display": "100",
                        "missing_lines": 0,
                        "excluded_lines": 0
                    },
                    "missing_lines": [],
                    "excluded_lines": []
                },
                "KofiUserSchema": {
                    "executed_lines": [],
                    "summary": {
                        "covered_lines": 0,
                        "num_statements": 0,
                        "percent_covered": 100.0,
                        "percent_covered_display": "100",
                        "missing_lines": 0,
                        "excluded_lines": 0
                    },
                    "missing_lines": [],
                    "excluded_lines": []
                },
                "KofiUserSchema.Config": {
                    "executed_lines": [],
                    "summary": {
                        "covered_lines": 0,
                        "num_statements": 0,
                        "percent_covered": 100.0,
                        "percent_covered_display": "100",
                        "missing_lines": 0,
                        "excluded_lines": 0
                    },
                    "missing_lines": [],
                    "excluded_lines": []
                },
                "KofiUser": {
                    "executed_lines": [],
                    "summary": {
                        "covered_lines": 0,
                        "num_statements": 0,
                        "percent_covered": 100.0,
                        "percent_covered_display": "100",
                        "missing_lines": 0,
                        "excluded_lines": 0
                    },
                    "missing_lines": [],
                    "excluded_lines": []
                },
                "": {
                    "executed_lines": [
                        1,
                        8,
                        9,
                        10,
                        12,
                        13,
                        14,
                        16,
                        17,
                        20,
                        21,
                        25,
                        26,
                        27,
                        28,
                        29,
                        30,
                        31,
                        32,
                        33,
                        34,
                        35,
                        36,
                        37,
                        38,
                        39,
                        40,
                        41,
                        43,
                        44,
                        45,
                        48,
                        49,
                        50,
                        52,
                        53,
                        54,
                        55,
                        56,
                        57,
                        58,
                        59,
                        60,
                        61,
                        62,
                        63,
                        64,
                        65,
                        66,
                        68,
                        69,
                        72,
                        73,
                        76,
                        77,
                        78,
                        79,
                        81,
                        82,
                        83,
                        86,
                        87,
                        88,
                        90,
                        91,
                        92,
                        93
                    ],
                    "summary": {
                        "covered_lines": 60,
                        "num_statements": 60,
                        "percent_covered": 100.0,
                        "percent_covered_display": "100",
                        "missing_lines": 0,
                        "excluded_lines": 0
                    },
                    "missing_lines": [],
                    "excluded_lines": []
                }
            }
        },
        "core\\utils.py": {
            "executed_lines": [
                1,
                8,
                9,
                10,
                13,
                30,
                31,
                35,
                36,
                37,
                38,
                39,
                40,
                42,
                43,
                47,
                49,
                52,
                53,
                55,
                57,
                58
            ],
            "summary": {
                "covered_lines": 21,
                "num_statements": 21,
                "percent_covered": 100.0,
                "percent_covered_display": "100",
                "missing_lines": 0,
                "excluded_lines": 0
            },
            "missing_lines": [],
            "excluded_lines": [],
            "functions": {
                "currency_converter": {
                    "executed_lines": [
                        30,
                        31,
                        35,
                        36,
                        37,
                        38,
                        39,
                        40,
                        42,
                        43,
                        47,
                        49,
                        52,
                        53
                    ],
                    "summary": {
                        "covered_lines": 14,
                        "num_statements": 14,
                        "percent_covered": 100.0,
                        "percent_covered_display": "100",
                        "missing_lines": 0,
                        "excluded_lines": 0
                    },
                    "missing_lines": [],
                    "excluded_lines": []
                },
                "remove_file": {
                    "executed_lines": [
                        57,
                        58
                    ],
                    "summary": {
                        "covered_lines": 2,
                        "num_statements": 2,
                        "percent_covered": 100.0,
                        "percent_covered_display": "100",
                        "missing_lines": 0,
                        "excluded_lines": 0
                    },
                    "missing_lines": [],
                    "excluded_lines": []
                },
                "": {
                    "executed_lines": [
                        1,
                        8,
                        9,
                        10,
                        13,
                        55
                    ],
                    "summary": {
                        "covered_lines": 5,
                        "num_statements": 5,
                        "percent_covered": 100.0,
                        "percent_covered_display": "100",
                        "missing_lines": 0,
                        "excluded_lines": 0
                    },
                    "missing_lines": [],
                    "excluded_lines": []
                }
            },
            "classes": {
                "": {
                    "executed_lines": [
                        1,
                        8,
                        9,
                        10,
                        13,
                        30,
                        31,
                        35,
                        36,
                        37,
                        38,
                        39,
                        40,
                        42,
                        43,
                        47,
                        49,
                        52,
                        53,
                        55,
                        57,
                        58
                    ],
                    "summary": {
                        "covered_lines": 21,
                        "num_statements": 21,
                        "percent_covered": 100.0,
                        "percent_covered_display": "100",
                        "missing_lines": 0,
                        "excluded_lines": 0
                    },
                    "missing_lines": [],
                    "excluded_lines": []
                }
            }
        },
        "main.py": {
            "executed_lines": [
                1,
                8,
                9,
                10,
                11,
                14,
                15,
                16,
                17,
                18,
                20,
                22,
                25,
                26,
                28,
                30,
                32,
                33,
                34,
                35,
                36,
                37,
                40,
                42,
                45,
                51,
                62,
                63,
                65,
                66
            ],
            "summary": {
                "covered_lines": 29,
                "num_statements": 29,
                "percent_covered": 100.0,
                "percent_covered_display": "100",
                "missing_lines": 0,
                "excluded_lines": 0
            },
            "missing_lines": [],
            "excluded_lines": [],
            "functions": {
                "lifespan": {
                    "executed_lines": [
                        28,
                        30,
                        32,
                        33,
                        34,
                        35,
                        36,
                        37
                    ],
                    "summary": {
                        "covered_lines": 8,
                        "num_statements": 8,
                        "percent_covered": 100.0,
                        "percent_covered_display": "100",
                        "missing_lines": 0,
                        "excluded_lines": 0
                    },
                    "missing_lines": [],
                    "excluded_lines": []
                },
                "custom_generate_unique_id": {
                    "executed_lines": [
                        42
                    ],
                    "summary": {
                        "covered_lines": 1,
                        "num_statements": 1,
                        "percent_covered": 100.0,
                        "percent_covered_display": "100",
                        "missing_lines": 0,
                        "excluded_lines": 0
                    },
                    "missing_lines": [],
                    "excluded_lines": []
                },
                "ping": {
                    "executed_lines": [
                        65,
                        66
                    ],
                    "summary": {
                        "covered_lines": 2,
                        "num_statements": 2,
                        "percent_covered": 100.0,
                        "percent_covered_display": "100",
                        "missing_lines": 0,
                        "excluded_lines": 0
                    },
                    "missing_lines": [],
                    "excluded_lines": []
                },
                "": {
                    "executed_lines": [
                        1,
                        8,
                        9,
                        10,
                        11,
                        14,
                        15,
                        16,
                        17,
                        18,
                        20,
                        22,
                        25,
                        26,
                        40,
                        45,
                        51,
                        62,
                        63
                    ],
                    "summary": {
                        "covered_lines": 18,
                        "num_statements": 18,
                        "percent_covered": 100.0,
                        "percent_covered_display": "100",
                        "missing_lines": 0,
                        "excluded_lines": 0
                    },
                    "missing_lines": [],
                    "excluded_lines": []
                }
            },
            "classes": {
                "": {
                    "executed_lines": [
                        1,
                        8,
                        9,
                        10,
                        11,
                        14,
                        15,
                        16,
                        17,
                        18,
                        20,
                        22,
                        25,
                        26,
                        28,
                        30,
                        32,
                        33,
                        34,
                        35,
                        36,
                        37,
                        40,
                        42,
                        45,
                        51,
                        62,
                        63,
                        65,
                        66
                    ],
                    "summary": {
                        "covered_lines": 29,
                        "num_statements": 29,
                        "percent_covered": 100.0,
                        "percent_covered_display": "100",
                        "missing_lines": 0,
                        "excluded_lines": 0
                    },
                    "missing_lines": [],
                    "excluded_lines": []
                }
            }
        },
        "test\\__init__.py": {
            "executed_lines": [
                0
            ],
            "summary": {
                "covered_lines": 0,
                "num_statements": 0,
                "percent_covered": 100.0,
                "percent_covered_display": "100",
                "missing_lines": 0,
                "excluded_lines": 0
            },
            "missing_lines": [],
            "excluded_lines": [],
            "functions": {
                "": {
                    "executed_lines": [],
                    "summary": {
                        "covered_lines": 0,
                        "num_statements": 0,
                        "percent_covered": 100.0,
                        "percent_covered_display": "100",
                        "missing_lines": 0,
                        "excluded_lines": 0
                    },
                    "missing_lines": [],
                    "excluded_lines": []
                }
            },
            "classes": {
                "": {
                    "executed_lines": [],
                    "summary": {
                        "covered_lines": 0,
                        "num_statements": 0,
                        "percent_covered": 100.0,
                        "percent_covered_display": "100",
                        "missing_lines": 0,
                        "excluded_lines": 0
                    },
                    "missing_lines": [],
                    "excluded_lines": []
                }
            }
        },
        "test\\api\\__init__.py": {
            "executed_lines": [
                0
            ],
            "summary": {
                "covered_lines": 0,
                "num_statements": 0,
                "percent_covered": 100.0,
                "percent_covered_display": "100",
                "missing_lines": 0,
                "excluded_lines": 0
            },
            "missing_lines": [],
            "excluded_lines": [],
            "functions": {
                "": {
                    "executed_lines": [],
                    "summary": {
[...]
                    ],
                    "summary": {
                        "covered_lines": 7,
                        "num_statements": 7,
                        "percent_covered": 100.0,
                        "percent_covered_display": "100",
                        "missing_lines": 0,
                        "excluded_lines": 0
                    },
                    "missing_lines": [],
                    "excluded_lines": []
                },
                "test_kofi_transaction_schema_invalid_data": {
                    "executed_lines": [
                        44,
                        49,
                        50
                    ],
                    "summary": {
                        "covered_lines": 3,
                        "num_statements": 3,
                        "percent_covered": 100.0,
                        "percent_covered_display": "100",
                        "missing_lines": 0,
                        "excluded_lines": 0
                    },
                    "missing_lines": [],
                    "excluded_lines": []
                },
                "test_kofi_user_schema_success": {
                    "executed_lines": [
                        55,
                        62,
                        63,
                        64,
                        65,
                        66
                    ],
                    "summary": {
                        "covered_lines": 6,
                        "num_statements": 6,
                        "percent_covered": 100.0,
                        "percent_covered_display": "100",
                        "missing_lines": 0,
                        "excluded_lines": 0
                    },
                    "missing_lines": [],
                    "excluded_lines": []
                },
                "test_kofi_user_schema_invalid_data": {
                    "executed_lines": [
                        71,
                        78,
                        79
                    ],
                    "summary": {
                        "covered_lines": 3,
                        "num_statements": 3,
                        "percent_covered": 100.0,
                        "percent_covered_display": "100",
                        "missing_lines": 0,
                        "excluded_lines": 0
                    },
                    "missing_lines": [],
                    "excluded_lines": []
                },
                "test_kofi_transaction_model_defaults": {
                    "executed_lines": [
                        88,
                        91,
                        112,
                        113,
                        114
                    ],
                    "summary": {
                        "covered_lines": 5,
                        "num_statements": 5,
                        "percent_covered": 100.0,
                        "percent_covered_display": "100",
                        "missing_lines": 0,
                        "excluded_lines": 0
                    },
                    "missing_lines": [],
                    "excluded_lines": []
                },
                "test_kofi_user_model_defaults": {
                    "executed_lines": [
                        120,
                        123,
                        129,
                        130,
                        131
                    ],
                    "summary": {
                        "covered_lines": 5,
                        "num_statements": 5,
                        "percent_covered": 100.0,
                        "percent_covered_display": "100",
                        "missing_lines": 0,
                        "excluded_lines": 0
                    },
                    "missing_lines": [],
                    "excluded_lines": []
                },
                "": {
                    "executed_lines": [
                        1,
                        2,
                        3,
                        4,
                        5,
                        6,
                        7,
                        12,
                        42,
                        53,
                        69,
                        85,
                        117
                    ],
                    "summary": {
                        "covered_lines": 12,
                        "num_statements": 12,
                        "percent_covered": 100.0,
                        "percent_covered_display": "100",
                        "missing_lines": 0,
                        "excluded_lines": 0
                    },
                    "missing_lines": [],
                    "excluded_lines": []
                }
            },
            "classes": {
                "": {
                    "executed_lines": [
                        1,
                        2,
                        3,
                        4,
                        5,
                        6,
                        7,
                        12,
                        14,
                        34,
                        35,
                        36,
                        37,
                        38,
                        39,
                        42,
                        44,
                        49,
                        50,
                        53,
                        55,
                        62,
                        63,
                        64,
                        65,
                        66,
                        69,
                        71,
                        78,
                        79,
                        85,
                        88,
                        91,
                        112,
                        113,
                        114,
                        117,
                        120,
                        123,
                        129,
                        130,
                        131
                    ],
                    "summary": {
                        "covered_lines": 41,
                        "num_statements": 41,
                        "percent_covered": 100.0,
                        "percent_covered_display": "100",
                        "missing_lines": 0,
                        "excluded_lines": 0
                    },
                    "missing_lines": [],
                    "excluded_lines": []
                }
            }
        },
        "test\\core\\test_utils.py": {
            "executed_lines": [
                1,
                2,
                3,
                4,
                5,
                6,
                10,
                11,
                15,
                16,
                17,
                20,
                23,
                26,
                27,
                32,
                33,
                37,
                38,
                40,
                41,
                42,
                47,
                50,
                51,
                54,
                55,
                57,
                62,
                63,
                67,
                68,
                69,
                72,
                73,
                75,
                76,
                79,
                80,
                82,
                87,
                88,
                92,
                95,
                96,
                98,
                99,
                102
            ],
            "summary": {
                "covered_lines": 47,
                "num_statements": 47,
                "percent_covered": 100.0,
                "percent_covered_display": "100",
                "missing_lines": 0,
                "excluded_lines": 0
            },
            "missing_lines": [],
            "excluded_lines": [],
            "functions": {
                "test_currency_converter_success": {
                    "executed_lines": [
                        15,
                        16,
                        17,
                        20,
                        23,
                        26,
                        27
                    ],
                    "summary": {
                        "covered_lines": 7,
                        "num_statements": 7,
                        "percent_covered": 100.0,
                        "percent_covered_display": "100",
                        "missing_lines": 0,
                        "excluded_lines": 0
                    },
                    "missing_lines": [],
                    "excluded_lines": []
                },
                "test_currency_converter_backup_api": {
                    "executed_lines": [
                        37,
                        38,
                        40,
                        41,
                        42,
                        47,
                        50,
                        51,
                        54,
                        55,
                        57
                    ],
                    "summary": {
                        "covered_lines": 11,
                        "num_statements": 11,
                        "percent_covered": 100.0,
                        "percent_covered_display": "100",
                        "missing_lines": 0,
                        "excluded_lines": 0
                    },
                    "missing_lines": [],
                    "excluded_lines": []
                },
                "test_currency_converter_api_failure": {
                    "executed_lines": [
                        67,
                        68,
                        69,
                        72,
                        73,
                        75,
                        76,
                        79,
                        80,
                        82
                    ],
                    "summary": {
                        "covered_lines": 10,
                        "num_statements": 10,
                        "percent_covered": 100.0,
                        "percent_covered_display": "100",
                        "missing_lines": 0,
                        "excluded_lines": 0
                    },
                    "missing_lines": [],
                    "excluded_lines": []
                },
                "test_currency_converter_timeout": {
                    "executed_lines": [
                        92,
                        95,
                        96,
                        98,
                        99,
                        102
                    ],
                    "summary": {
                        "covered_lines": 6,
                        "num_statements": 6,
                        "percent_covered": 100.0,
                        "percent_covered_display": "100",
                        "missing_lines": 0,
                        "excluded_lines": 0
                    },
                    "missing_lines": [],
                    "excluded_lines": []
                },
                "": {
                    "executed_lines": [
                        1,
                        2,
                        3,
                        4,
                        5,
                        6,
                        10,
                        11,
                        32,
                        33,
                        62,
                        63,
                        87,
                        88
                    ],
                    "summary": {
                        "covered_lines": 13,
                        "num_statements": 13,
                        "percent_covered": 100.0,
                        "percent_covered_display": "100",
                        "missing_lines": 0,
                        "excluded_lines": 0
                    },
                    "missing_lines": [],
                    "excluded_lines": []
                }
            },
            "classes": {
                "": {
                    "executed_lines": [
                        1,
                        2,
                        3,
                        4,
                        5,
                        6,
                        10,
                        11,
                        15,
                        16,
                        17,
                        20,
                        23,
                        26,
                        27,
                        32,
                        33,
                        37,
                        38,
                        40,
                        41,
                        42,
                        47,
                        50,
                        51,
                        54,
                        55,
                        57,
                        62,
                        63,
                        67,
                        68,
                        69,
                        72,
                        73,
                        75,
                        76,
                        79,
                        80,
                        82,
                        87,
                        88,
                        92,
                        95,
                        96,
                        98,
                        99,
                        102
                    ],
                    "summary": {
                        "covered_lines": 47,
                        "num_statements": 47,
                        "percent_covered": 100.0,
                        "percent_covered_display": "100",
                        "missing_lines": 0,
                        "excluded_lines": 0
                    },
                    "missing_lines": [],
                    "excluded_lines": []
                }
            }
        },
        "test\\test_main.py": {
            "executed_lines": [
                1,
                2,
                3,
                4,
                5,
                8,
                10,
                11,
                14,
                16,
                17,
                18,
                22,
                25,
                26,
                27,
                30,
                31,
                34,
                35,
                36,
                37,
                41,
                45,
                47,
                49,
                52
            ],
            "summary": {
                "covered_lines": 27,
                "num_statements": 27,
                "percent_covered": 100.0,
                "percent_covered_display": "100",
                "missing_lines": 0,
                "excluded_lines": 0
            },
            "missing_lines": [],
            "excluded_lines": [],
            "functions": {
                "test_FAIL": {
                    "executed_lines": [
                        11
                    ],
                    "summary": {
                        "covered_lines": 1,
                        "num_statements": 1,
                        "percent_covered": 100.0,
                        "percent_covered_display": "100",
                        "missing_lines": 0,
                        "excluded_lines": 0
                    },
                    "missing_lines": [],
                    "excluded_lines": []
                },
                "test_ping": {
                    "executed_lines": [
                        16,
                        17,
                        18
                    ],
                    "summary": {
                        "covered_lines": 3,
                        "num_statements": 3,
                        "percent_covered": 100.0,
                        "percent_covered_display": "100",
                        "missing_lines": 0,
                        "excluded_lines": 0
                    },
                    "missing_lines": [],
                    "excluded_lines": []
                },
                "test_custom_generate_unique_id": {
                    "executed_lines": [
                        25,
                        26,
                        27,
                        30,
                        31
                    ],
                    "summary": {
                        "covered_lines": 5,
                        "num_statements": 5,
                        "percent_covered": 100.0,
                        "percent_covered_display": "100",
                        "missing_lines": 0,
                        "excluded_lines": 0
                    },
                    "missing_lines": [],
                    "excluded_lines": []
                },
                "test_lifespan": {
                    "executed_lines": [
                        41,
                        45,
                        47,
                        49,
                        52
                    ],
                    "summary": {
                        "covered_lines": 5,
                        "num_statements": 5,
                        "percent_covered": 100.0,
                        "percent_covered_display": "100",
                        "missing_lines": 0,
                        "excluded_lines": 0
                    },
                    "missing_lines": [],
                    "excluded_lines": []
                },
                "": {
                    "executed_lines": [
                        1,
                        2,
                        3,
                        4,
                        5,
                        8,
                        10,
                        14,
                        22,
                        34,
                        35,
                        36,
                        37
                    ],
                    "summary": {
                        "covered_lines": 13,
                        "num_statements": 13,
                        "percent_covered": 100.0,
                        "percent_covered_display": "100",
                        "missing_lines": 0,
                        "excluded_lines": 0
                    },
                    "missing_lines": [],
                    "excluded_lines": []
                }
            },
            "classes": {
                "": {
                    "executed_lines": [
                        1,
                        2,
                        3,
                        4,
                        5,
                        8,
                        10,
                        11,
                        14,
                        16,
                        17,
                        18,
                        22,
                        25,
                        26,
                        27,
                        30,
                        31,
                        34,
                        35,
                        36,
                        37,
                        41,
                        45,
                        47,
                        49,
                        52
                    ],
                    "summary": {
                        "covered_lines": 27,
                        "num_statements": 27,
                        "percent_covered": 100.0,
                        "percent_covered_display": "100",
                        "missing_lines": 0,
                        "excluded_lines": 0
                    },
                    "missing_lines": [],
                    "excluded_lines": []
                }
            }
        }
    },
    "totals": {
        "covered_lines": 778,
        "num_statements": 895,
        "percent_covered": 86.92737430167598,
        "percent_covered_display": "87",
        "missing_lines": 117,
        "excluded_lines": 0
    }
}